<?xml version="1.0" encoding="UTF-8"?>
<testsuite xmlns:xsi="http://www.w3.org/2001/XMLSchema-instance" xsi:noNamespaceSchemaLocation="https://maven.apache.org/surefire/maven-surefire-plugin/xsd/surefire-test-report.xsd" name="com.cath.project.TestRunner" time="158.668" tests="16" errors="2" skipped="1" failures="0">
  <properties>
[...]
</properties>
  <testcase name="Given I am on the home page" classname="| shirt |" time="0.006"/>
  <testcase name="When i have search for a &quot;shirt&quot;" classname="| shirt |" time="0"/>
  <testcase name="Then i should view all the relevant products" classname="| shirt |" time="0"/>
  <testcase name="| shirt |" classname="| shirt |" time="0"/>
  <testcase name="Given I am on the home page" classname="| paints |" time="0"/>
  <testcase name="When i have search for a &quot;paints&quot;" classname="| paints |" time="0.257">
    <error message="Element &lt;button class=&quot;submit&quot; type=&quot;submit&quot;&gt; is not clickable at point (1242,18) because another element &lt;div id=&quot;onesignal-popover-container&quot; class=&quot;onesignal-popover-container onesignal-reset slide-down&quot;&gt; obscures it&#10;Build info: version: &apos;3.141.59&apos;, revision: &apos;e82be7d358&apos;, time: &apos;2018-11-14T08:17:03&apos;&#10;System info: host: &apos;CHAKRA-PC&apos;, ip: &apos;192.168.99.1&apos;, os.name: &apos;Windows 10&apos;, os.arch: &apos;amd64&apos;, os.version: &apos;10.0&apos;, java.version: &apos;1.8.0_181&apos;&#10;Driver info: org.openqa.selenium.firefox.FirefoxDriver&#10;Capabilities {acceptInsecureCerts: true, browserName: firefox, browserVersion: 66.0.2, javascriptEnabled: true, moz:accessibilityChecks: false, moz:geckodriverVersion: 0.24.0, moz:headless: false, moz:processID: 35248, moz:profile: C:\Users\sball\AppData\Loca..., moz:shutdownTimeout: 60000, moz:useNonSpecCompliantPointerOrigin: false, moz:webdriverClick: true, pageLoadStrategy: normal, platform: WINDOWS, platformName: WINDOWS, platformVersion: 10.0, rotatable: false, setWindowRect: true, strictFileInteractability: false, timeouts: {implicit: 0, pageLoad: 300000, script: 30000}, unhandledPromptBehavior: dismiss and notify}&#10;Session ID: 536b406c-10e7-4971-800d-ed48bc4ba8f2" type="org.openqa.selenium.ElementClickInterceptedException"><![CDATA[org.openqa.selenium.ElementClickInterceptedException: 
Element <button class="submit" type="submit"> is not clickable at point (1242,18) because another element <div id="onesignal-popover-container" class="onesignal-popover-container onesignal-reset slide-down"> obscures it
Build info: version: '3.141.59', revision: 'e82be7d358', time: '2018-11-14T08:17:03'
System info: host: 'CHAKRA-PC', ip: '192.168.99.1', os.name: 'Windows 10', os.arch: 'amd64', os.version: '10.0', java.version: '1.8.0_181'
Driver info: org.openqa.selenium.firefox.FirefoxDriver
Capabilities {acceptInsecureCerts: true, browserName: firefox, browserVersion: 66.0.2, javascriptEnabled: true, moz:accessibilityChecks: false, moz:geckodriverVersion: 0.24.0, moz:headless: false, moz:processID: 35248, moz:profile: C:\Users\sball\AppData\Loca..., moz:shutdownTimeout: 60000, moz:useNonSpecCompliantPointerOrigin: false, moz:webdriverClick: true, pageLoadStrategy: normal, platform: WINDOWS, platformName: WINDOWS, platformVersion: 10.0, rotatable: false, setWindowRect: true, strictFileInteractability: false, timeouts: {implicit: 0, pageLoad: 300000, script: 30000}, unhandledPromptBehavior: dismiss and notify}
Session ID: 536b406c-10e7-4971-800d-ed48bc4ba8f2
]]></error>
  </testcase>
  <testcase name="| paints |" classname="| paints |" time="0.257">
    <error message="Element &lt;button class=&quot;submit&quot; type=&quot;submit&quot;&gt; is not clickable at point (1242,18) because another element &lt;div id=&quot;onesignal-popover-container&quot; class=&quot;onesignal-popover-container onesignal-reset slide-down&quot;&gt; obscures it&#10;Build info: version: &apos;3.141.59&apos;, revision: &apos;e82be7d358&apos;, time: &apos;2018-11-14T08:17:03&apos;&#10;System info: host: &apos;CHAKRA-PC&apos;, ip: &apos;192.168.99.1&apos;, os.name: &apos;Windows 10&apos;, os.arch: &apos;amd64&apos;, os.version: &apos;10.0&apos;, java.version: &apos;1.8.0_181&apos;&#10;Driver info: org.openqa.selenium.firefox.FirefoxDriver&#10;Capabilities {acceptInsecureCerts: true, browserName: firefox, browserVersion: 66.0.2, javascriptEnabled: true, moz:accessibilityChecks: false, moz:geckodriverVersion: 0.24.0, moz:headless: false, moz:processID: 35248, moz:profile: C:\Users\sball\AppData\Loca..., moz:shutdownTimeout: 60000, moz:useNonSpecCompliantPointerOrigin: false, moz:webdriverClick: true, pageLoadStrategy: normal, platform: WINDOWS, platformName: WINDOWS, platformVersion: 10.0, rotatable: false, setWindowRect: true, strictFileInteractability: false, timeouts: {implicit: 0, pageLoad: 300000, script: 30000}, unhandledPromptBehavior: dismiss and notify}&#10;Session ID: 536b406c-10e7-4971-800d-ed48bc4ba8f2" type="org.openqa.selenium.ElementClickInterceptedException"><![CDATA[org.openqa.selenium.ElementClickInterceptedException: 
Element <button class="submit" type="submit"> is not clickable at point (1242,18) because another element <div id="onesignal-popover-container" class="onesignal-popover-container onesignal-reset slide-down"> obscures it
Build info: version: '3.141.59', revision: 'e82be7d358', time: '2018-11-14T08:17:03'
System info: host: 'CHAKRA-PC', ip: '192.168.99.1', os.name: 'Windows 10', os.arch: 'amd64', os.version: '10.0', java.version: '1.8.0_181'
Driver info: org.openqa.selenium.firefox.FirefoxDriver
Capabilities {acceptInsecureCerts: true, browserName: firefox, browserVersion: 66.0.2, javascriptEnabled: true, moz:accessibilityChecks: false, moz:geckodriverVersion: 0.24.0, moz:headless: false, moz:processID: 35248, moz:profile: C:\Users\sball\AppData\Loca..., moz:shutdownTimeout: 60000, moz:useNonSpecCompliantPointerOrigin: false, moz:webdriverClick: true, pageLoadStrategy: normal, platform: WINDOWS, platformName: WINDOWS, platformVersion: 10.0, rotatable: false, setWindowRect: true, strictFileInteractability: false, timeouts: {implicit: 0, pageLoad: 300000, script: 30000}, unhandledPromptBehavior: dismiss and notify}
Session ID: 536b406c-10e7-4971-800d-ed48bc4ba8f2
]]></error>
  </testcase>
  <testcase name="Then i should view all the relevant products" classname="| paints |" time="0">
    <skipped/>
  </testcase>
  <testcase name="Given I am on the home page" classname="| mirror |" time="0"/>
  <testcase name="When i have search for a &quot;mirror&quot;" classname="| mirror |" time="0"/>
  <testcase name="Then i should view all the relevant products" classname="| mirror |" time="0"/>
  <testcase name="| mirror |" classname="| mirror |" time="0"/>
  <testcase name="Given I am on the home page" classname="| hand bags |" time="0"/>
  <testcase name="When i have search for a &quot;hand bags&quot;" classname="| hand bags |" time="0"/>
  <testcase name="Then i should view all the relevant products" classname="| hand bags |" time="0"/>
  <testcase name="| hand bags |" classname="| hand bags |" time="0"/>
</testsuite>